Flow report for tx_uart
Sun Nov 26 18:59:18 2023
Quartus II 64-Bit Version 13.0.1 Build 232 06/12/2013 Service Pack 1 SJ Web Edition


---------------------
; Table of Contents ;
---------------------
  1. Legal Notice
  2. Flow Summary
  3. Flow Settings
  4. Flow Non-Default Global Settings
  5. Flow Elapsed Time
  6. Flow OS Summary
  7. Flow Log
  8. Flow Messages
  9. Flow Suppressed Messages



----------------
; Legal Notice ;
----------------
Copyright (C) 1991-2013 Altera Corporation
Your use of Altera Corporation's design tools, logic functions 
and other software and tools, and its AMPP partner logic 
functions, and any output files from any of the foregoing 
(including device programming or simulation files), and any 
associated documentation or information are expressly subject 
to the terms and conditions of the Altera Program License 
Subscription Agreement, Altera MegaCore Function License 
Agreement, or other applicable license agreement, including, 
without limitation, that your use is for the sole purpose of 
programming logic devices manufactured by Altera and sold by 
Altera or its authorized distributors.  Please refer to the 
applicable agreement for further details.



+--------------------------------------------------------------------------------------+
; Flow Summary                                                                         ;
+------------------------------------+-------------------------------------------------+
; Flow Status                        ; Successful - Sun Nov 26 18:59:18 2023           ;
; Quartus II 64-Bit Version          ; 13.0.1 Build 232 06/12/2013 SP 1 SJ Web Edition ;
; Revision Name                      ; tx_uart                                         ;
; Top-level Entity Name              ; tx_uart                                         ;
; Family                             ; Cyclone II                                      ;
; Device                             ; EP2C35F672C6                                    ;
; Timing Models                      ; Final                                           ;
; Total logic elements               ; 62 / 33,216 ( < 1 % )                           ;
;     Total combinational functions  ; 62 / 33,216 ( < 1 % )                           ;
;     Dedicated logic registers      ; 31 / 33,216 ( < 1 % )                           ;
; Total registers                    ; 31                                              ;
; Total pins                         ; 29 / 475 ( 6 % )                                ;
; Total virtual pins                 ; 0                                               ;
; Total memory bits                  ; 0 / 483,840 ( 0 % )                             ;
; Embedded Multiplier 9-bit elements ; 0 / 70 ( 0 % )                                  ;
; Total PLLs                         ; 0 / 4 ( 0 % )                                   ;
+------------------------------------+-------------------------------------------------+


+-----------------------------------------+
; Flow Settings                           ;
+-------------------+---------------------+
; Option            ; Setting             ;
+-------------------+---------------------+
; Start date & time ; 11/26/2023 18:13:56 ;
; Main task         ; Compilation         ;
; Revision Name     ; tx_uart             ;
+-------------------+---------------------+


+----------------------------------------------------------------------------------------------------------------------------+
; Flow Non-Default Global Settings                                                                                           ;
+-------------------------------------+---------------------------------------+---------------+-------------+----------------+
; Assignment Name                     ; Value                                 ; Default Value ; Entity Name ; Section Id     ;
+-------------------------------------+---------------------------------------+---------------+-------------+----------------+
; COMPILER_SIGNATURE_ID               ; 141734660896995.170102243530596       ; --            ; --          ; --             ;
; EDA_GENERATE_FUNCTIONAL_NETLIST     ; On                                    ; --            ; --          ; eda_simulation ;
; EDA_OUTPUT_DATA_FORMAT              ; Verilog Hdl                           ; --            ; --          ; eda_simulation ;
; EDA_SIMULATION_TOOL                 ; ModelSim-Altera (Verilog)             ; <None>        ; --          ; --             ;
; EDA_TIME_SCALE                      ; 1 ps                                  ; --            ; --          ; eda_simulation ;
; MAX_CORE_JUNCTION_TEMP              ; 85                                    ; --            ; --          ; --             ;
; MIN_CORE_JUNCTION_TEMP              ; 0                                     ; --            ; --          ; --             ;
; PARTITION_COLOR                     ; 16764057                              ; --            ; --          ; Top            ;
; PARTITION_FITTER_PRESERVATION_LEVEL ; PLACEMENT_AND_ROUTING                 ; --            ; --          ; Top            ;
; PARTITION_NETLIST_TYPE              ; SOURCE                                ; --            ; --          ; Top            ;
; POWER_BOARD_THERMAL_MODEL           ; None (CONSERVATIVE)                   ; --            ; --          ; --             ;
; POWER_PRESET_COOLING_SOLUTION       ; 23 MM HEAT SINK WITH 200 LFPM AIRFLOW ; --            ; --          ; --             ;
; PROJECT_OUTPUT_DIRECTORY            ; output_files                          ; --            ; --          ; --             ;
+-------------------------------------+---------------------------------------+---------------+-------------+----------------+


+-------------------------------------------------------------------------------------------------------------------------------+
; Flow Elapsed Time                                                                                                             ;
+---------------------------+--------------+-------------------------+---------------------+------------------------------------+
; Module Name               ; Elapsed Time ; Average Processors Used ; Peak Virtual Memory ; Total CPU Time (on all processors) ;
+---------------------------+--------------+-------------------------+---------------------+------------------------------------+
; Analysis & Synthesis      ; 00:00:01     ; 1.0                     ; 4587 MB             ; 00:00:01                           ;
; Fitter                    ; 00:00:06     ; 1.0                     ; 4877 MB             ; 00:00:05                           ;
; Assembler                 ; 00:00:02     ; 1.0                     ; 4555 MB             ; 00:00:02                           ;
; TimeQuest Timing Analyzer ; 00:00:01     ; 1.0                     ; 4540 MB             ; 00:00:01                           ;
; EDA Netlist Writer        ; 00:00:01     ; 1.0                     ; 4507 MB             ; 00:00:00                           ;
; EDA Netlist Writer        ; 00:00:00     ; 1.0                     ; 4515 MB             ; 00:00:01                           ;
; EDA Netlist Writer        ; 00:00:01     ; 1.0                     ; 4515 MB             ; 00:00:01                           ;
; EDA Netlist Writer        ; 00:00:00     ; 1.0                     ; 4515 MB             ; 00:00:01                           ;
; EDA Netlist Writer        ; 00:00:01     ; 1.0                     ; 4515 MB             ; 00:00:01                           ;
; EDA Netlist Writer        ; 00:00:00     ; 1.0                     ; 4515 MB             ; 00:00:01                           ;
; EDA Netlist Writer        ; 00:00:00     ; 1.0                     ; 4515 MB             ; 00:00:01                           ;
; EDA Netlist Writer        ; 00:00:01     ; 1.0                     ; 4515 MB             ; 00:00:01                           ;
; EDA Netlist Writer        ; 00:00:01     ; 1.0                     ; 4515 MB             ; 00:00:01                           ;
; EDA Netlist Writer        ; 00:00:01     ; 1.0                     ; 4515 MB             ; 00:00:01                           ;
; EDA Netlist Writer        ; 00:00:00     ; 1.0                     ; 4515 MB             ; 00:00:01                           ;
; EDA Netlist Writer        ; 00:00:01     ; 1.0                     ; 4515 MB             ; 00:00:01                           ;
; EDA Netlist Writer        ; 00:00:01     ; 1.0                     ; 4515 MB             ; 00:00:01                           ;
; EDA Netlist Writer        ; 00:00:01     ; 1.0                     ; 4515 MB             ; 00:00:01                           ;
; EDA Netlist Writer        ; 00:00:01     ; 1.0                     ; 4515 MB             ; 00:00:01                           ;
; EDA Netlist Writer        ; 00:00:00     ; 1.0                     ; 4515 MB             ; 00:00:01                           ;
; EDA Netlist Writer        ; 00:00:01     ; 1.0                     ; 4515 MB             ; 00:00:01                           ;
; Total                     ; 00:00:21     ; --                      ; --                  ; 00:00:25                           ;
+---------------------------+--------------+-------------------------+---------------------+------------------------------------+


+----------------------------------------------------------------------------------------+
; Flow OS Summary                                                                        ;
+---------------------------+------------------+-----------+------------+----------------+
; Module Name               ; Machine Hostname ; OS Name   ; OS Version ; Processor type ;
+---------------------------+------------------+-----------+------------+----------------+
; Analysis & Synthesis      ; DESKTOP-Q5NINCJ  ; Windows 7 ; 6.2        ; x86_64         ;
; Fitter                    ; DESKTOP-Q5NINCJ  ; Windows 7 ; 6.2        ; x86_64         ;
; Assembler                 ; DESKTOP-Q5NINCJ  ; Windows 7 ; 6.2        ; x86_64         ;
; TimeQuest Timing Analyzer ; DESKTOP-Q5NINCJ  ; Windows 7 ; 6.2        ; x86_64         ;
; EDA Netlist Writer        ; DESKTOP-Q5NINCJ  ; Windows 7 ; 6.2        ; x86_64         ;
; EDA Netlist Writer        ; DESKTOP-Q5NINCJ  ; Windows 7 ; 6.2        ; x86_64         ;
; EDA Netlist Writer        ; DESKTOP-Q5NINCJ  ; Windows 7 ; 6.2        ; x86_64         ;
; EDA Netlist Writer        ; DESKTOP-Q5NINCJ  ; Windows 7 ; 6.2        ; x86_64         ;
; EDA Netlist Writer        ; DESKTOP-Q5NINCJ  ; Windows 7 ; 6.2        ; x86_64         ;
; EDA Netlist Writer        ; DESKTOP-Q5NINCJ  ; Windows 7 ; 6.2        ; x86_64         ;
; EDA Netlist Writer        ; DESKTOP-Q5NINCJ  ; Windows 7 ; 6.2        ; x86_64         ;
; EDA Netlist Writer        ; DESKTOP-Q5NINCJ  ; Windows 7 ; 6.2        ; x86_64         ;
; EDA Netlist Writer        ; DESKTOP-Q5NINCJ  ; Windows 7 ; 6.2        ; x86_64         ;
; EDA Netlist Writer        ; DESKTOP-Q5NINCJ  ; Windows 7 ; 6.2        ; x86_64         ;
; EDA Netlist Writer        ; DESKTOP-Q5NINCJ  ; Windows 7 ; 6.2        ; x86_64         ;
; EDA Netlist Writer        ; DESKTOP-Q5NINCJ  ; Windows 7 ; 6.2        ; x86_64         ;
; EDA Netlist Writer        ; DESKTOP-Q5NINCJ  ; Windows 7 ; 6.2        ; x86_64         ;
; EDA Netlist Writer        ; DESKTOP-Q5NINCJ  ; Windows 7 ; 6.2        ; x86_64         ;
; EDA Netlist Writer        ; DESKTOP-Q5NINCJ  ; Windows 7 ; 6.2        ; x86_64         ;
; EDA Netlist Writer        ; DESKTOP-Q5NINCJ  ; Windows 7 ; 6.2        ; x86_64         ;
; EDA Netlist Writer        ; DESKTOP-Q5NINCJ  ; Windows 7 ; 6.2        ; x86_64         ;
+---------------------------+------------------+-----------+------------+----------------+


------------
; Flow Log ;
------------
quartus_map --read_settings_files=on --write_settings_files=off tx_uart -c tx_uart
quartus_fit --read_settings_files=off --write_settings_files=off tx_uart -c tx_uart
quartus_asm --read_settings_files=off --write_settings_files=off tx_uart -c tx_uart
quartus_sta tx_uart -c tx_uart
quartus_eda --read_settings_files=off --write_settings_files=off tx_uart -c tx_uart
quartus_eda --gen_testbench --check_outputs=on --tool=modelsim_oem --format=verilog tx_uart -c tx_uart --vector_source=C:/Users/Adam/Documents/git-repos/ELEC473_assignment1/tx_uart/tx_uart.vwf --testbench_file=./simulation/qsim/tx_uart.vt
quartus_eda --functional=on --simulation=on --tool=modelsim_oem --format=verilog tx_uart -c tx_uart
quartus_eda --gen_testbench --check_outputs=on --tool=modelsim_oem --format=verilog tx_uart -c tx_uart --vector_source=C:/Users/Adam/Documents/git-repos/ELEC473_assignment1/tx_uart/tx_uart.vwf --testbench_file=./simulation/qsim/tx_uart.vt
quartus_eda --functional=on --simulation=on --tool=modelsim_oem --format=verilog tx_uart -c tx_uart
quartus_eda --gen_testbench --check_outputs=on --tool=modelsim_oem --format=verilog tx_uart -c tx_uart --vector_source=C:/Users/Adam/Documents/git-repos/ELEC473_assignment1/tx_uart/tx_uart.vwf --testbench_file=./simulation/qsim/tx_uart.vt
quartus_eda --functional=on --simulation=on --tool=modelsim_oem --format=verilog tx_uart -c tx_uart
quartus_eda --gen_testbench --check_outputs=on --tool=modelsim_oem --format=verilog tx_uart -c tx_uart --vector_source=C:/Users/Adam/Documents/git-repos/ELEC473_assignment1/tx_uart/tx_uart.vwf --testbench_file=./simulation/qsim/tx_uart.vt
quartus_eda --functional=on --simulation=on --tool=modelsim_oem --format=verilog tx_uart -c tx_uart
quartus_eda --gen_testbench --check_outputs=on --tool=modelsim_oem --format=verilog tx_uart -c tx_uart --vector_source=C:/Users/Adam/Documents/git-repos/ELEC473_assignment1/tx_uart/tx_uart.vwf --testbench_file=./simulation/qsim/tx_uart.vt
quartus_eda --functional=on --simulation=on --tool=modelsim_oem --format=verilog tx_uart -c tx_uart
quartus_eda --gen_testbench --check_outputs=on --tool=modelsim_oem --format=verilog tx_uart -c tx_uart --vector_source=C:/Users/Adam/Documents/git-repos/ELEC473_assignment1/tx_uart/tx_uart.vwf --testbench_file=./simulation/qsim/tx_uart.vt
quartus_eda --functional=on --simulation=on --tool=modelsim_oem --format=verilog tx_uart -c tx_uart
quartus_eda --gen_testbench --check_outputs=on --tool=modelsim_oem --format=verilog tx_uart -c tx_uart --vector_source=C:/Users/Adam/Documents/git-repos/ELEC473_assignment1/tx_uart/tx_uart.vwf --testbench_file=./simulation/qsim/tx_uart.vt
quartus_eda --functional=on --simulation=on --tool=modelsim_oem --format=verilog tx_uart -c tx_uart
quartus_eda --gen_testbench --check_outputs=on --tool=modelsim_oem --format=verilog tx_uart -c tx_uart --vector_source=C:/Users/Adam/Documents/git-repos/ELEC473_assignment1/tx_uart/tx_uart.vwf --testbench_file=./simulation/qsim/tx_uart.vt
quartus_eda --functional=on --simulation=on --tool=modelsim_oem --format=verilog tx_uart -c tx_uart



