Flow report for irda_inverter
Thu Feb 08 12:55:00 2024
Quartus II 64-Bit Version 13.0.1 Build 232 06/12/2013 Service Pack 1 SJ Full Version


---------------------
; Table of Contents ;
---------------------
  1. Legal Notice
  2. Flow Summary
  3. Flow Settings
  4. Flow Non-Default Global Settings
  5. Flow Elapsed Time
  6. Flow OS Summary
  7. Flow Log
  8. Flow Messages
  9. Flow Suppressed Messages



----------------
; Legal Notice ;
----------------
Copyright (C) 1991-2013 Altera Corporation
Your use of Altera Corporation's design tools, logic functions 
and other software and tools, and its AMPP partner logic 
functions, and any output files from any of the foregoing 
(including device programming or simulation files), and any 
associated documentation or information are expressly subject 
to the terms and conditions of the Altera Program License 
Subscription Agreement, Altera MegaCore Function License 
Agreement, or other applicable license agreement, including, 
without limitation, that your use is for the sole purpose of 
programming logic devices manufactured by Altera and sold by 
Altera or its authorized distributors.  Please refer to the 
applicable agreement for further details.



+---------------------------------------------------------------------------------------+
; Flow Summary                                                                          ;
+------------------------------------+--------------------------------------------------+
; Flow Status                        ; Successful - Thu Feb 08 12:54:59 2024            ;
; Quartus II 64-Bit Version          ; 13.0.1 Build 232 06/12/2013 SP 1 SJ Full Version ;
; Revision Name                      ; irda_inverter                                    ;
; Top-level Entity Name              ; irda_inverter                                    ;
; Family                             ; Cyclone IV GX                                    ;
; Total logic elements               ; 2 / 14,400 ( < 1 % )                             ;
;     Total combinational functions  ; 2 / 14,400 ( < 1 % )                             ;
;     Dedicated logic registers      ; 0 / 14,400 ( 0 % )                               ;
; Total registers                    ; 0                                                ;
; Total pins                         ; 6 / 81 ( 7 % )                                   ;
; Total virtual pins                 ; 0                                                ;
; Total memory bits                  ; 0 / 552,960 ( 0 % )                              ;
; Embedded Multiplier 9-bit elements ; 0                                                ;
; Total GXB Receiver Channel PCS     ; 0 / 2 ( 0 % )                                    ;
; Total GXB Receiver Channel PMA     ; 0 / 2 ( 0 % )                                    ;
; Total GXB Transmitter Channel PCS  ; 0 / 2 ( 0 % )                                    ;
; Total GXB Transmitter Channel PMA  ; 0 / 2 ( 0 % )                                    ;
; Total PLLs                         ; 0 / 3 ( 0 % )                                    ;
; Device                             ; EP4CGX15BF14C6                                   ;
; Timing Models                      ; Final                                            ;
+------------------------------------+--------------------------------------------------+


+-----------------------------------------+
; Flow Settings                           ;
+-------------------+---------------------+
; Option            ; Setting             ;
+-------------------+---------------------+
; Start date & time ; 02/08/2024 12:53:05 ;
; Main task         ; Compilation         ;
; Revision Name     ; irda_inverter       ;
+-------------------+---------------------+


+----------------------------------------------------------------------------------------------------------------------+
; Flow Non-Default Global Settings                                                                                     ;
+-------------------------------------+---------------------------------+---------------+-------------+----------------+
; Assignment Name                     ; Value                           ; Default Value ; Entity Name ; Section Id     ;
+-------------------------------------+---------------------------------+---------------+-------------+----------------+
; COMPILER_SIGNATURE_ID               ; 220292345573220.170739678511656 ; --            ; --          ; --             ;
; EDA_GENERATE_FUNCTIONAL_NETLIST     ; On                              ; --            ; --          ; eda_simulation ;
; EDA_OUTPUT_DATA_FORMAT              ; Verilog Hdl                     ; --            ; --          ; eda_simulation ;
; EDA_SIMULATION_TOOL                 ; ModelSim-Altera (Verilog)       ; <None>        ; --          ; --             ;
; PARTITION_COLOR                     ; 16764057                        ; --            ; --          ; Top            ;
; PARTITION_FITTER_PRESERVATION_LEVEL ; PLACEMENT_AND_ROUTING           ; --            ; --          ; Top            ;
; PARTITION_NETLIST_TYPE              ; SOURCE                          ; --            ; --          ; Top            ;
; PROJECT_OUTPUT_DIRECTORY            ; output_files                    ; --            ; --          ; --             ;
+-------------------------------------+---------------------------------+---------------+-------------+----------------+


+-------------------------------------------------------------------------------------------------------------------------------+
; Flow Elapsed Time                                                                                                             ;
+---------------------------+--------------+-------------------------+---------------------+------------------------------------+
; Module Name               ; Elapsed Time ; Average Processors Used ; Peak Virtual Memory ; Total CPU Time (on all processors) ;
+---------------------------+--------------+-------------------------+---------------------+------------------------------------+
; Analysis & Synthesis      ; 00:00:02     ; 1.0                     ; 4695 MB             ; 00:00:01                           ;
; Fitter                    ; 00:00:04     ; 1.0                     ; 5655 MB             ; 00:00:03                           ;
; Assembler                 ; 00:00:01     ; 1.0                     ; 4614 MB             ; 00:00:01                           ;
; TimeQuest Timing Analyzer ; 00:00:04     ; 1.0                     ; 4643 MB             ; 00:00:01                           ;
; EDA Netlist Writer        ; 00:00:00     ; 1.0                     ; 4561 MB             ; 00:00:00                           ;
; EDA Netlist Writer        ; 00:00:01     ; 1.0                     ; 4574 MB             ; 00:00:00                           ;
; EDA Netlist Writer        ; 00:00:00     ; 1.0                     ; 4574 MB             ; 00:00:00                           ;
; Total                     ; 00:00:12     ; --                      ; --                  ; 00:00:06                           ;
+---------------------------+--------------+-------------------------+---------------------+------------------------------------+


+----------------------------------------------------------------------------------------+
; Flow OS Summary                                                                        ;
+---------------------------+------------------+-----------+------------+----------------+
; Module Name               ; Machine Hostname ; OS Name   ; OS Version ; Processor type ;
+---------------------------+------------------+-----------+------------+----------------+
; Analysis & Synthesis      ; EEE1-006         ; Windows 7 ; 6.2        ; x86_64         ;
; Fitter                    ; EEE1-006         ; Windows 7 ; 6.2        ; x86_64         ;
; Assembler                 ; EEE1-006         ; Windows 7 ; 6.2        ; x86_64         ;
; TimeQuest Timing Analyzer ; EEE1-006         ; Windows 7 ; 6.2        ; x86_64         ;
; EDA Netlist Writer        ; EEE1-006         ; Windows 7 ; 6.2        ; x86_64         ;
; EDA Netlist Writer        ; EEE1-006         ; Windows 7 ; 6.2        ; x86_64         ;
; EDA Netlist Writer        ; EEE1-006         ; Windows 7 ; 6.2        ; x86_64         ;
+---------------------------+------------------+-----------+------------+----------------+


------------
; Flow Log ;
------------
quartus_map --read_settings_files=on --write_settings_files=off irda_inverter -c irda_inverter
quartus_fit --read_settings_files=off --write_settings_files=off irda_inverter -c irda_inverter
quartus_asm --read_settings_files=off --write_settings_files=off irda_inverter -c irda_inverter
quartus_sta irda_inverter -c irda_inverter
quartus_eda --read_settings_files=off --write_settings_files=off irda_inverter -c irda_inverter
quartus_eda --gen_testbench --check_outputs=on --tool=modelsim_oem --format=verilog irda_inverter -c irda_inverter --vector_source=M:/ELEC473/projects/ELEC473_assignment2/irda_inverter/irda_inverter.vwf --testbench_file=./simulation/qsim/irda_inverter.vt
quartus_eda --functional=on --simulation=on --tool=modelsim_oem --format=verilog irda_inverter -c irda_inverter



